<?xml version="1.0" encoding="UTF-8"?>
<!-- Generated by org.testng.reporters.JUnitReportReporter -->
<testsuite hostname="dskblrpc34" name="testscript.ExperimentClass" tests="1" failures="0" timestamp="14 Mar 2013 11:26:31 GMT" time="38.282" errors="0">
  <testcase name="TestSample" time="38.282" classname="testscript.ExperimentClass"/>
</testsuite>
