<?xml version="1.0" encoding="UTF-8"?>
<!-- Generated by org.testng.reporters.JUnitReportReporter -->
<testsuite hostname="dskblrpc012" name="testscript.specialpriceCheck" tests="1" failures="0" timestamp="14 Dec 2012 09:24:44 GMT" time="136.336" errors="0">
  <testcase name="testApp" time="136.336" classname="testscript.specialpriceCheck"/>
</testsuite> <!-- testscript.specialpriceCheck -->
