<?xml version="1.0" encoding="UTF-8"?>
<!-- Generated by org.testng.reporters.JUnitReportReporter -->
<testsuite hostname="dskblrpc34" name="testscript.mail" tests="1" failures="0" timestamp="15 Mar 2013 09:34:34 GMT" time="5.838" errors="0">
  <testcase name="zipandmail" time="5.838" classname="testscript.mail"/>
</testsuite>
