<?xml version="1.0" encoding="UTF-8"?>
<!-- Generated by org.testng.reporters.JUnitReportReporter -->
<testsuite hostname="dskblrpc012" name="testscript.CustomReader_General_ALL" tests="2" failures="0" timestamp="14 Nov 2012 08:54:48 GMT" time="19.904" errors="0">
  <testcase name="setUp" time="3.811" classname="testscript.CustomReader_General_ALL"/>
  <testcase name="testUntitled" time="16.093" classname="testscript.CustomReader_General_ALL"/>
</testsuite> <!-- testscript.CustomReader_General_ALL -->
