<?xml version="1.0" encoding="UTF-8"?>
<!-- Generated by org.testng.reporters.JUnitReportReporter -->
<testsuite hostname="pritup-HP" name="testscript.DriverScript" tests="1" failures="0" timestamp="21 Jan 2015 09:13:24 GMT" time="10.708" errors="0">
  <testcase name="testApp" time="10.708" classname="testscript.DriverScript"/>
</testsuite> <!-- testscript.DriverScript -->
